<?xml version="1.0" encoding="UTF-8"?>
<!-- Generated by org.testng.reporters.JUnitXMLReporter -->
<testsuite ignored="2" hostname="AILT-100416" failures="1" tests="1" name="Create" time="97.953" errors="0" timestamp="2024-08-05T12:13:07 IST">
  <testcase classname="ZZ_Issues_AutomationTestScripts.TC_05_02_BOM_SFG_Add_2RM_No_KSM_update" name="BillOfMaterialCreate" time="92.084">
    <failure type="org.openqa.selenium.StaleElementReferenceException" message="stale element reference: stale element not found in the current frame
  (Session info: MicrosoftEdge=127.0.2651.86)
For documentation on this error, please visit: https://selenium.dev/exceptions/#stale_element_reference
Build info: version: &amp;apos;4.9.0&amp;apos;, revision: &amp;apos;d7057100a6&amp;apos;
System info: os.name: &amp;apos;Windows 10&amp;apos;, os.arch: &amp;apos;amd64&amp;apos;, os.version: &amp;apos;10.0&amp;apos;, java.version: &amp;apos;18.0.2.1&amp;apos;
Driver info: org.openqa.selenium.edge.EdgeDriver
Command: [d75979a5c4ab25d3d1faf4c36df8d557, clickElement {id=f.E777228C5A22F997808F8D13643DA188.d.CBC72CBA6731625950572424D19B9DFE.e.82}]
Capabilities {acceptInsecureCerts: false, browserName: MicrosoftEdge, browserVersion: 127.0.2651.86, fedcm:accounts: true, ms:edgeOptions: {debuggerAddress: localhost:64752}, msedge: {msedgedriverVersion: 127.0.2651.86 (ac31d8b82969..., userDataDir: C:\Users\sharuk.k\AppData\L...}, networkConnectionEnabled: false, pageLoadStrategy: normal, platformName: WINDOWS, proxy: Proxy(), se:cdp: ws://localhost:64752/devtoo..., se:cdpVersion: 127.0.2651.86, setWindowRect: true, strictFileInteractability: false, timeouts: {implicit: 0, pageLoad: 300000, script: 30000}, unhandledPromptBehavior: dismiss and notify, webauthn:extension:credBlob: true, webauthn:extension:largeBlob: true, webauthn:extension:minPinLength: true, webauthn:extension:prf: true, webauthn:virtualAuthenticators: true}
Element: [[EdgeDriver: MicrosoftEdge on WINDOWS (d75979a5c4ab25d3d1faf4c36df8d557)] -&amp;gt; xpath: (//input[@type=&amp;apos;search&amp;apos;])[1]]
Session ID: d75979a5c4ab25d3d1faf4c36df8d557">
      <![CDATA[org.openqa.selenium.StaleElementReferenceException: stale element reference: stale element not found in the current frame
  (Session info: MicrosoftEdge=127.0.2651.86)
For documentation on this error, please visit: https://selenium.dev/exceptions/#stale_element_reference
Build info: version: '4.9.0', revision: 'd7057100a6'
System info: os.name: 'Windows 10', os.arch: 'amd64', os.version: '10.0', java.version: '18.0.2.1'
Driver info: org.openqa.selenium.edge.EdgeDriver
Command: [d75979a5c4ab25d3d1faf4c36df8d557, clickElement {id=f.E777228C5A22F997808F8D13643DA188.d.CBC72CBA6731625950572424D19B9DFE.e.82}]
Capabilities {acceptInsecureCerts: false, browserName: MicrosoftEdge, browserVersion: 127.0.2651.86, fedcm:accounts: true, ms:edgeOptions: {debuggerAddress: localhost:64752}, msedge: {msedgedriverVersion: 127.0.2651.86 (ac31d8b82969..., userDataDir: C:\Users\sharuk.k\AppData\L...}, networkConnectionEnabled: false, pageLoadStrategy: normal, platformName: WINDOWS, proxy: Proxy(), se:cdp: ws://localhost:64752/devtoo..., se:cdpVersion: 127.0.2651.86, setWindowRect: true, strictFileInteractability: false, timeouts: {implicit: 0, pageLoad: 300000, script: 30000}, unhandledPromptBehavior: dismiss and notify, webauthn:extension:credBlob: true, webauthn:extension:largeBlob: true, webauthn:extension:minPinLength: true, webauthn:extension:prf: true, webauthn:virtualAuthenticators: true}
Element: [[EdgeDriver: MicrosoftEdge on WINDOWS (d75979a5c4ab25d3d1faf4c36df8d557)] -> xpath: (//input[@type='search'])[1]]
Session ID: d75979a5c4ab25d3d1faf4c36df8d557
at org.openqa.selenium.remote.codec.w3c.W3CHttpResponseCodec.createException(W3CHttpResponseCodec.java:200)
at org.openqa.selenium.remote.codec.w3c.W3CHttpResponseCodec.decode(W3CHttpResponseCodec.java:133)
at org.openqa.selenium.remote.codec.w3c.W3CHttpResponseCodec.decode(W3CHttpResponseCodec.java:53)
at org.openqa.selenium.remote.HttpCommandExecutor.execute(HttpCommandExecutor.java:193)
at org.openqa.selenium.remote.service.DriverCommandExecutor.invokeExecute(DriverCommandExecutor.java:183)
at org.openqa.selenium.remote.service.DriverCommandExecutor.execute(DriverCommandExecutor.java:158)
at org.openqa.selenium.remote.RemoteWebDriver.execute(RemoteWebDriver.java:543)
at org.openqa.selenium.remote.RemoteWebElement.execute(RemoteWebElement.java:257)
at org.openqa.selenium.remote.RemoteWebElement.click(RemoteWebElement.java:78)
at org.openqa.selenium.support.pagefactory.internal.LocatingElementHandler.invoke(LocatingElementHandler.java:52)
at jdk.proxy2/jdk.proxy2.$Proxy12.click(Unknown Source)
at F.pageobjects.WmpsObj.SearchBox(WmpsObj.java:1109)
at ZZ_Issues_AutomationTestScripts.TC_05_02_BOM_SFG_Add_2RM_No_KSM_update.BillOfMaterialCreate(TC_05_02_BOM_SFG_Add_2RM_No_KSM_update.java:246)
at java.base/java.util.ArrayList.forEach(ArrayList.java:1511)
... Removed 30 stack frames]]>
    </failure>
  </testcase> <!-- BillOfMaterialCreate -->
  <testcase classname="ZZ_Issues_AutomationTestScripts.TC_05_02_BOM_SFG_Add_2RM_No_KSM_update" name="BillOfMaterialRelease" time="0.0">
    <ignored/>
  </testcase> <!-- BillOfMaterialRelease -->
  <testcase classname="ZZ_Issues_AutomationTestScripts.TC_05_02_BOM_SFG_Add_2RM_No_KSM_update" name="BillOfMaterialReturn" time="0.0">
    <ignored/>
  </testcase> <!-- BillOfMaterialReturn -->
</testsuite> <!-- Create -->
