<?xml version="1.0" encoding="UTF-8"?>
<!-- Generated by org.testng.reporters.JUnitXMLReporter -->
<testsuite ignored="0" hostname="AILT-100416" failures="1" tests="4" name="GoodsIssue_agnstMaterialRqst_Issue_Updated_Test_3" time="21.355" errors="0" timestamp="2024-07-08T10:31:33 IST">
  <testcase classname="ZZ_Issues_AutomationTestScripts.GoodsdsIssue_agnstMaterialRqst_Issue_Updated2" name="Create" time="16.364">
    <failure type="org.openqa.selenium.NoSuchElementException" message="Unable to find element with locator By.cssSelector: td:nth-child(11)
For documentation on this error, please visit: https://selenium.dev/exceptions/#no_such_element
Build info: version: &amp;apos;4.9.0&amp;apos;, revision: &amp;apos;d7057100a6&amp;apos;
System info: os.name: &amp;apos;Windows 10&amp;apos;, os.arch: &amp;apos;amd64&amp;apos;, os.version: &amp;apos;10.0&amp;apos;, java.version: &amp;apos;18.0.2.1&amp;apos;
Driver info: driver.version: RemoteWebDriver">
      <![CDATA[org.openqa.selenium.NoSuchElementException: Unable to find element with locator By.cssSelector: td:nth-child(11)
For documentation on this error, please visit: https://selenium.dev/exceptions/#no_such_element
Build info: version: '4.9.0', revision: 'd7057100a6'
System info: os.name: 'Windows 10', os.arch: 'amd64', os.version: '10.0', java.version: '18.0.2.1'
Driver info: driver.version: RemoteWebDriver
at org.openqa.selenium.remote.ElementLocation$ElementFinder$2.findElement(ElementLocation.java:165)
at org.openqa.selenium.remote.ElementLocation.findElement(ElementLocation.java:60)
at org.openqa.selenium.remote.RemoteWebDriver.findElement(RemoteWebDriver.java:352)
at org.openqa.selenium.remote.RemoteWebDriver.findElement(RemoteWebDriver.java:344)
at ZZ_Issues_AutomationTestScripts.GoodsdsIssue_agnstMaterialRqst_Issue_Updated2.Create(GoodsdsIssue_agnstMaterialRqst_Issue_Updated2.java:66)
at java.base/java.util.ArrayList.forEach(ArrayList.java:1511)
... Removed 25 stack frames]]>
    </failure>
  </testcase> <!-- Create -->
  <testcase classname="ZZ_Issues_AutomationTestScripts.GoodsdsIssue_agnstMaterialRqst_Issue_Updated2" name="ReleseAndReturn" time="0.0">
    <skipped/>
  </testcase> <!-- ReleseAndReturn -->
  <testcase classname="ZZ_Issues_AutomationTestScripts.GoodsdsIssue_agnstMaterialRqst_Issue_Updated2" name="ReInitiate" time="0.0">
    <skipped/>
  </testcase> <!-- ReInitiate -->
  <testcase classname="ZZ_Issues_AutomationTestScripts.GoodsdsIssue_agnstMaterialRqst_Issue_Updated2" name="ReleseAndReturnAgain" time="0.0">
    <skipped/>
  </testcase> <!-- ReleseAndReturnAgain -->
</testsuite> <!-- GoodsIssue_agnstMaterialRqst_Issue_Updated_Test_3 -->
